<?xml version="1.0" encoding="UTF-8"?>
<!-- Generated by org.testng.reporters.JUnitReportReporter -->
<testsuite hostname="LAPTOP-3FIFOPKL" failures="0" tests="1" name="Feb22.NewTest" time="21.879" errors="0" timestamp="2022-02-22T22:17:07 IST" skipped="0">
  <testcase classname="Feb22.NewTest" name="setup" time="21.879"/>
  <system-out/>
</testsuite> <!-- Feb22.NewTest -->
